<?xml version="1.0" encoding="UTF-8"?>
<!-- Generated by org.testng.reporters.JUnitReportReporter -->
<testsuite hostname="DESKTOP-8IPIPT6" failures="0" tests="2" name="myappiumtestng.AppiumTestNG" time="7.459" errors="0" timestamp="2024-02-20T22:17:02 AEDT" skipped="0">
  <testcase classname="myappiumtestng.AppiumTestNG" name="multiplyTesting" time="4.175"/>
  <testcase classname="myappiumtestng.AppiumTestNG" name="plusTesting" time="3.284"/>
</testsuite> <!-- myappiumtestng.AppiumTestNG -->
