<?xml version="1.0" encoding="UTF-8"?>
<!-- Generated by org.testng.reporters.JUnitReportReporter -->
<testsuite hostname="DESKTOP-8IPIPT6" failures="0" tests="1" name="myappiumtestng.AppiumTestNG3" time="1.177" errors="0" timestamp="2024-02-20T22:17:02 AEDT" skipped="0">
  <testcase classname="myappiumtestng.AppiumTestNG3" name="f" time="1.177"/>
</testsuite> <!-- myappiumtestng.AppiumTestNG3 -->
