<?xml version="1.0" encoding="UTF-8"?>
<!-- Generated by org.testng.reporters.JUnitReportReporter -->
<testsuite hostname="DESKTOP-8IPIPT6" failures="0" tests="1" name="myappiumtestng.AppiumTestNG2" time="1.626" errors="0" timestamp="2024-02-20T22:17:02 AEDT" skipped="0">
  <testcase classname="myappiumtestng.AppiumTestNG2" name="f" time="1.626"/>
</testsuite> <!-- myappiumtestng.AppiumTestNG2 -->
